2023.11.24 17:37:31 INFO  Started: Metals version 1.1.0 in folders 'D:\cours_FISA\5A\Semestre 9\évolution et réingénieurie\gatling-scala-example' for client Visual Studio Code 1.84.2.
nov. 24, 2023 5:37:33 PM org.eclipse.lsp4j.jsonrpc.RemoteEndpoint handleCancellation
WARNING: Unmatched cancel notification for request id 1
2023.11.24 17:37:33 WARN  Build server is not auto-connectable.
2023.11.24 17:37:33 WARN  no build target for: D:\cours_FISA\5A\Semestre 9\évolution et réingénieurie\gatling-scala-example\src\main\scala\gatling\test\example\simulation\ExamplePostSimulation.scala
2023.11.24 17:37:40 INFO  no build target found for D:\cours_FISA\5A\Semestre 9\évolution et réingénieurie\gatling-scala-example\src\main\scala\gatling\test\example\simulation\ExamplePostSimulation.scala. Using presentation compiler with project's scala-library version: 3.3.1
2023.11.24 17:37:42 INFO  time: code lens generation in 7.82s
2023.11.24 17:40:36 WARN  no build target for: D:\cours_FISA\5A\Semestre 9\évolution et réingénieurie\gatling-scala-example\src\main\scala\gatling\test\example\simulation\ExampleGetSimulation.scala
2023.11.24 17:42:05 WARN  no build target for: D:\cours_FISA\5A\Semestre 9\évolution et réingénieurie\gatling-scala-example\src\main\scala\gatling\test\example\simulation\ExampleGetSimulation.scala
2023.11.24 17:42:48 WARN  no build target for: D:\cours_FISA\5A\Semestre 9\évolution et réingénieurie\gatling-scala-example\src\main\scala\gatling\test\example\simulation\ExampleSimulation.scala
2023.11.24 17:45:38 WARN  no build target for: D:\cours_FISA\5A\Semestre 9\évolution et réingénieurie\gatling-scala-example\src\test\scala\gatling\test\example\helper\Engine.scala
2023.11.24 17:45:41 WARN  no build target for: D:\cours_FISA\5A\Semestre 9\évolution et réingénieurie\gatling-scala-example\src\test\scala\gatling\test\example\helper\IDEPathHelper.scala
2023.11.24 17:45:45 WARN  no build target for: D:\cours_FISA\5A\Semestre 9\évolution et réingénieurie\gatling-scala-example\src\main\scala\gatling\test\example\simulation\SystemPropertiesUtil.scala
2023.11.24 17:45:48 WARN  no build target for: D:\cours_FISA\5A\Semestre 9\évolution et réingénieurie\gatling-scala-example\src\main\scala\gatling\test\example\simulation\SingleFileExampleSimulation.scala
2023.11.24 17:46:00 WARN  no build target for: D:\cours_FISA\5A\Semestre 9\évolution et réingénieurie\gatling-scala-example\src\main\scala\gatling\test\example\simulation\SystemPropertiesUtil.scala
2023.11.24 17:46:02 WARN  no build target for: D:\cours_FISA\5A\Semestre 9\évolution et réingénieurie\gatling-scala-example\src\main\scala\gatling\test\example\simulation\SingleFileExampleSimulation.scala
2023.11.24 17:46:09 WARN  no build target for: D:\cours_FISA\5A\Semestre 9\évolution et réingénieurie\gatling-scala-example\src\main\scala\gatling\test\example\simulation\PerfTestConfig.scala
2023.11.24 17:46:17 WARN  no build target for: D:\cours_FISA\5A\Semestre 9\évolution et réingénieurie\gatling-scala-example\src\main\scala\gatling\test\example\simulation\ExampleSimulation.scala
2023.11.24 17:47:17 WARN  no build target for: D:\cours_FISA\5A\Semestre 9\évolution et réingénieurie\gatling-scala-example\src\main\scala\gatling\test\example\simulation\ExampleSimulation.scala
2023.11.24 17:48:39 WARN  no build target for: D:\cours_FISA\5A\Semestre 9\évolution et réingénieurie\gatling-scala-example\src\main\scala\gatling\test\example\simulation\ExampleSimulation.scala
2023.11.24 17:49:06 WARN  no build target for: D:\cours_FISA\5A\Semestre 9\évolution et réingénieurie\gatling-scala-example\src\main\scala\gatling\test\example\simulation\ExampleSimulation.scala
2023.11.24 17:52:13 WARN  no build target for: D:\cours_FISA\5A\Semestre 9\évolution et réingénieurie\gatling-scala-example\src\main\scala\gatling\test\example\simulation\ExampleSimulation.scala
2023.11.24 17:55:47 WARN  no build target for: D:\cours_FISA\5A\Semestre 9\évolution et réingénieurie\gatling-scala-example\src\test\scala\gatling\test\example\helper\IDEPathHelper.scala
2023.11.24 17:55:50 WARN  no build target for: D:\cours_FISA\5A\Semestre 9\évolution et réingénieurie\gatling-scala-example\src\test\scala\gatling\test\example\helper\Engine.scala
2023.11.24 17:56:40 WARN  no build target for: D:\cours_FISA\5A\Semestre 9\évolution et réingénieurie\gatling-scala-example\src\test\scala\gatling\test\example\helper\Engine.scala
2023.11.24 17:56:43 WARN  no build target for: D:\cours_FISA\5A\Semestre 9\évolution et réingénieurie\gatling-scala-example\src\main\scala\gatling\test\example\simulation\SystemPropertiesUtil.scala
2023.11.24 17:56:46 WARN  no build target for: D:\cours_FISA\5A\Semestre 9\évolution et réingénieurie\gatling-scala-example\src\main\scala\gatling\test\example\simulation\SingleFileExampleSimulation.scala
nov. 24, 2023 5:57:36 PM org.eclipse.lsp4j.jsonrpc.RemoteEndpoint handleCancellation
WARNING: Unmatched cancel notification for request id 400
2023.11.24 17:58:35 WARN  no build target for: D:\cours_FISA\5A\Semestre 9\évolution et réingénieurie\gatling-scala-example\src\main\scala\gatling\test\example\simulation\ExampleSimulation.scala
2023.11.24 18:03:12 INFO  Started: Metals version 1.1.0 in folders 'D:\cours_FISA\5A\Semestre 9\évolution et réingénieurie\GIT\reengineering\echo\gatling' for client Visual Studio Code 1.84.2.
2023.11.24 18:03:19 WARN  Build server is not auto-connectable.
2023.11.24 18:03:19 WARN  no build target for: D:\cours_FISA\5A\Semestre 9\évolution et réingénieurie\GIT\reengineering\echo\gatling\src\main\scala\gatling\test\example\simulation\ExampleSimulation.scala
2023.11.24 18:03:26 INFO  no build target found for D:\cours_FISA\5A\Semestre 9\évolution et réingénieurie\GIT\reengineering\echo\gatling\src\main\scala\gatling\test\example\simulation\ExampleSimulation.scala. Using presentation compiler with project's scala-library version: 3.3.1
2023.11.24 18:03:29 INFO  time: code lens generation in 10s
2023.11.24 18:03:29 INFO  time: code lens generation in 10s
2023.11.24 18:04:57 WARN  no build target for: D:\cours_FISA\5A\Semestre 9\évolution et réingénieurie\GIT\reengineering\echo\gatling\src\main\scala\gatling\test\example\simulation\SingleFileExampleSimulation.scala
2023.11.24 18:05:03 WARN  no build target for: D:\cours_FISA\5A\Semestre 9\évolution et réingénieurie\GIT\reengineering\echo\gatling\src\main\scala\gatling\test\example\simulation\SystemPropertiesUtil.scala
2023.11.24 18:06:34 WARN  no build target for: D:\cours_FISA\5A\Semestre 9\évolution et réingénieurie\GIT\reengineering\echo\gatling\src\main\scala\gatling\test\example\simulation\ExampleSimulation.scala
2023.11.24 18:06:42 WARN  no build target for: D:\cours_FISA\5A\Semestre 9\évolution et réingénieurie\GIT\reengineering\echo\gatling\src\main\scala\gatling\test\example\simulation\ExampleSimulation.scala
nov. 24, 2023 6:15:55 PM org.eclipse.lsp4j.jsonrpc.RemoteEndpoint handleCancellation
WARNING: Unmatched cancel notification for request id 62
nov. 24, 2023 6:18:39 PM org.eclipse.lsp4j.jsonrpc.RemoteEndpoint handleCancellation
WARNING: Unmatched cancel notification for request id 165
2023.11.24 18:20:25 WARN  no build target for: D:\cours_FISA\5A\Semestre 9\évolution et réingénieurie\GIT\reengineering\echo\gatling\src\main\scala\gatling\test\example\simulation\ExampleSimulation.scala
2023.11.24 18:25:02 INFO  Shutting down server
2023.11.24 18:25:02 INFO  shutting down Metals
2023.11.24 18:25:02 INFO  Exiting server
